<?xml version="1.0"?>
<!DOCTYPE coverage SYSTEM "http://cobertura.sourceforge.net/xml/coverage-04.dtd">

<coverage line-rate="0.4370349170005724" branch-rate="0.7003154574132492" lines-covered="1527" lines-valid="3494" branches-covered="444" branches-valid="634" complexity="1.8503861003861004" version="2.0.3" timestamp="1468023841554">
	<sources>
		<source>/mvn/src/main/java</source>
		<source>--source</source>
	</sources>
	<packages>
		<package name="com.p6spy.engine.common" line-rate="0.817629179331307" branch-rate="0.7473684210526316" complexity="2.4444444444444446">
			<classes>
				<class name="com.p6spy.engine.common.CallableStatementInformation" filename="com/p6spy/engine/common/CallableStatementInformation.java" line-rate="0.9230769230769231" branch-rate="0.875" complexity="2.25">
					<methods>
						<method name="&lt;init&gt;" signature="(Lcom/p6spy/engine/common/ConnectionInformation;Ljava/lang/String;)V" line-rate="1.0" branch-rate="1.0">
							<lines>
								<line number="32" hits="4" branch="false"/>
								<line number="35" hits="4" branch="false"/>
								<line number="36" hits="4" branch="false"/>
							</lines>
						</method>
						<method name="appendParameter" signature="(Ljava/lang/StringBuilder;Ljava/lang/String;Ljava/lang/Object;)V" line-rate="1.0" branch-rate="1.0">
							<lines>
								<line number="89" hits="2" branch="true" condition-coverage="100% (2/2)">
									<conditions>
										<condition number="0" type="jump" coverage="100%"/>
									</conditions>
								</line>
								<line number="90" hits="1" branch="false"/>
								<line number="93" hits="2" branch="false"/>
								<line number="94" hits="2" branch="false"/>
								<line number="95" hits="2" branch="false"/>
								<line number="96" hits="2" branch="false"/>
							</lines>
						</method>
						<method name="getSqlWithValues" signature="()Ljava/lang/String;" line-rate="0.8666666666666667" branch-rate="0.8333333333333334">
							<lines>
								<line number="47" hits="6" branch="true" condition-coverage="100% (2/2)">
									<conditions>
										<condition number="0" type="jump" coverage="100%"/>
									</conditions>
								</line>
								<line number="48" hits="5" branch="false"/>
								<line number="64" hits="1" branch="false"/>
								<line number="65" hits="1" branch="false"/>
								<line number="68" hits="1" branch="false"/>
								<line number="69" hits="1" branch="false"/>
								<line number="71" hits="1" branch="false"/>
								<line number="74" hits="1" branch="true" condition-coverage="50% (1/2)">
									<conditions>
										<condition number="0" type="jump" coverage="50%"/>
									</conditions>
								</line>
								<line number="75" hits="0" branch="false"/>
								<line number="76" hits="0" branch="false"/>
								<line number="79" hits="1" branch="true" condition-coverage="100% (2/2)">
									<conditions>
										<condition number="0" type="jump" coverage="100%"/>
									</conditions>
								</line>
								<line number="80" hits="2" branch="false"/>
								<line number="81" hits="2" branch="false"/>
								<line number="83" hits="1" branch="false"/>
								<line number="85" hits="1" branch="false"/>
							</lines>
						</method>
						<method name="setParameterValue" signature="(Ljava/lang/String;Ljava/lang/Object;)V" line-rate="1.0" branch-rate="1.0">
							<lines>
								<line number="105" hits="2" branch="false"/>
								<line number="106" hits="2" branch="false"/>
							</lines>
						</method>
					</methods>
					<lines>
						<line number="32" hits="4" branch="false"/>
						<line number="35" hits="4" branch="false"/>
						<line number="36" hits="4" branch="false"/>
						<line number="47" hits="6" branch="true" condition-coverage="100% (2/2)">
							<conditions>
								<condition number="0" type="jump" coverage="100%"/>
							</conditions>
						</line>
						<line number="48" hits="5" branch="false"/>
						<line number="64" hits="1" branch="false"/>
						<line number="65" hits="1" branch="false"/>
						<line number="68" hits="1" branch="false"/>
						<line number="69" hits="1" branch="false"/>
						<line number="71" hits="1" branch="false"/>
						<line number="74" hits="1" branch="true" condition-coverage="50% (1/2)">
							<conditions>
								<condition number="0" type="jump" coverage="50%"/>
							</conditions>
						</line>
						<line number="75" hits="0" branch="false"/>
						<line number="76" hits="0" branch="false"/>
						<line number="79" hits="1" branch="true" condition-coverage="100% (2/2)">
							<conditions>
								<condition number="0" type="jump" coverage="100%"/>
							</conditions>
						</line>
						<line number="80" hits="2" branch="false"/>
						<line number="81" hits="2" branch="false"/>
						<line number="83" hits="1" branch="false"/>
						<line number="85" hits="1" branch="false"/>
						<line number="89" hits="2" branch="true" condition-coverage="100% (2/2)">
							<conditions>
								<condition number="0" type="jump" coverage="100%"/>
							</conditions>
						</line>
						<line number="90" hits="1" branch="false"/>
						<line number="93" hits="2" branch="false"/>
						<line number="94" hits="2" branch="false"/>
						<line number="95" hits="2" branch="false"/>
						<line number="96" hits="2" branch="false"/>
						<line number="105" hits="2" branch="false"/>
						<line number="106" hits="2" branch="false"/>
					</lines>
				</class>
				<class name="com.p6spy.engine.common.ClassHasher" filename="com/p6spy/engine/common/ClassHasher.java" line-rate="1.0" branch-rate="1.0" complexity="1.0">
					<methods>
						<method name="&lt;init&gt;" signature="()V" line-rate="1.0" branch-rate="1.0">
							<lines>
								<line number="27" hits="186" branch="false"/>
							</lines>
						</method>
						<method name="getHashCode" signature="(Ljava/lang/Object;)I" line-rate="1.0" branch-rate="1.0">
							<lines>
								<line number="34" hits="420" branch="false"/>
							</lines>
						</method>
					</methods>
					<lines>
						<line number="27" hits="186" branch="false"/>
						<line number="34" hits="420" branch="false"/>
					</lines>
				</class>
				<class name="com.p6spy.engine.common.ConnectionInformation" filename="com/p6spy/engine/common/ConnectionInformation.java" line-rate="1.0" branch-rate="1.0" complexity="1.0">
					<methods>
						<method name="&lt;clinit&gt;" signature="()V" line-rate="1.0" branch-rate="1.0">
							<lines>
								<line number="30" hits="1" branch="false"/>
							</lines>
						</method>
						<method name="&lt;init&gt;" signature="()V" line-rate="1.0" branch-rate="1.0">
							<lines>
								<line number="33" hits="66" branch="false"/>
								<line number="34" hits="66" branch="false"/>
								<line number="35" hits="66" branch="false"/>
							</lines>
						</method>
						<method name="getConnectionId" signature="()I" line-rate="1.0" branch-rate="1.0">
							<lines>
								<line number="39" hits="618" branch="false"/>
							</lines>
						</method>
						<method name="getSql" signature="()Ljava/lang/String;" line-rate="1.0" branch-rate="1.0">
							<lines>
								<line number="44" hits="219" branch="false"/>
							</lines>
						</method>
						<method name="getSqlWithValues" signature="()Ljava/lang/String;" line-rate="1.0" branch-rate="1.0">
							<lines>
								<line number="49" hits="219" branch="false"/>
							</lines>
						</method>
					</methods>
					<lines>
						<line number="30" hits="1" branch="false"/>
						<line number="33" hits="66" branch="false"/>
						<line number="34" hits="66" branch="false"/>
						<line number="35" hits="66" branch="false"/>
						<line number="39" hits="618" branch="false"/>
						<line number="44" hits="219" branch="false"/>
						<line number="49" hits="219" branch="false"/>
					</lines>
				</class>
				<class name="com.p6spy.engine.common.CustomHashedHashSet" filename="com/p6spy/engine/common/CustomHashedHashSet.java" line-rate="0.6976744186046512" branch-rate="0.6875" complexity="1.8666666666666667">
					<methods>
						<method name="&lt;init&gt;" signature="(Lcom/p6spy/engine/common/Hasher;)V" line-rate="1.0" branch-rate="1.0">
							<lines>
								<line number="41" hits="186" branch="false"/>
								<line number="46" hits="186" branch="false"/>
								<line number="47" hits="186" branch="false"/>
								<line number="48" hits="186" branch="false"/>
							</lines>
						</method>
						<method name="add" signature="(Ljava/lang/Object;)Z" line-rate="1.0" branch-rate="1.0">
							<lines>
								<line number="98" hits="395" branch="false"/>
								<line number="99" hits="395" branch="true" condition-coverage="100% (2/2)">
									<conditions>
										<condition number="0" type="jump" coverage="100%"/>
									</conditions>
								</line>
								<line number="100" hits="391" branch="false"/>
								<line number="101" hits="391" branch="false"/>
								<line number="102" hits="391" branch="false"/>
								<line number="104" hits="4" branch="false"/>
							</lines>
						</method>
						<method name="addAll" signature="(Ljava/util/Collection;)Z" line-rate="1.0" branch-rate="1.0">
							<lines>
								<line number="70" hits="4" branch="false"/>
								<line number="71" hits="4" branch="true" condition-coverage="100% (2/2)">
									<conditions>
										<condition number="0" type="jump" coverage="100%"/>
									</conditions>
								</line>
								<line number="72" hits="10" branch="true" condition-coverage="100% (2/2)">
									<conditions>
										<condition number="0" type="jump" coverage="100%"/>
									</conditions>
								</line>
								<line number="73" hits="7" branch="false"/>
								<line number="75" hits="10" branch="false"/>
								<line number="76" hits="4" branch="false"/>
							</lines>
						</method>
						<method name="clear" signature="()V" line-rate="0.0" branch-rate="1.0">
							<lines>
								<line number="127" hits="0" branch="false"/>
								<line number="128" hits="0" branch="false"/>
								<line number="129" hits="0" branch="false"/>
							</lines>
						</method>
						<method name="clone" signature="()Ljava/lang/Object;" line-rate="0.0" branch-rate="1.0">
							<lines>
								<line number="134" hits="0" branch="false"/>
							</lines>
						</method>
						<method name="contains" signature="(Ljava/lang/Object;)Z" line-rate="1.0" branch-rate="1.0">
							<lines>
								<line number="93" hits="7" branch="false"/>
							</lines>
						</method>
						<method name="containsAll" signature="(Ljava/util/Collection;)Z" line-rate="0.0" branch-rate="1.0">
							<lines>
								<line number="65" hits="0" branch="false"/>
							</lines>
						</method>
						<method name="iterator" signature="()Ljava/util/Iterator;" line-rate="1.0" branch-rate="1.0">
							<lines>
								<line number="122" hits="99" branch="false"/>
							</lines>
						</method>
						<method name="remove" signature="(Ljava/lang/Object;)Z" line-rate="0.8333333333333334" branch-rate="0.5">
							<lines>
								<line number="110" hits="2" branch="false"/>
								<line number="111" hits="2" branch="true" condition-coverage="50% (1/2)">
									<conditions>
										<condition number="0" type="jump" coverage="50%"/>
									</conditions>
								</line>
								<line number="112" hits="2" branch="false"/>
								<line number="113" hits="2" branch="false"/>
								<line number="114" hits="2" branch="false"/>
								<line number="116" hits="0" branch="false"/>
							</lines>
						</method>
						<method name="removeAll" signature="(Ljava/util/Collection;)Z" line-rate="1.0" branch-rate="1.0">
							<lines>
								<line number="52" hits="1" branch="false"/>
								<line number="53" hits="1" branch="true" condition-coverage="100% (2/2)">
									<conditions>
										<condition number="0" type="jump" coverage="100%"/>
									</conditions>
								</line>
								<line number="54" hits="2" branch="true" condition-coverage="100% (2/2)">
									<conditions>
										<condition number="0" type="jump" coverage="100%"/>
									</conditions>
								</line>
								<line number="55" hits="1" branch="false"/>
								<line number="56" hits="1" branch="false"/>
								<line number="58" hits="2" branch="false"/>
								<line number="59" hits="1" branch="false"/>
							</lines>
						</method>
						<method name="retainAll" signature="(Ljava/util/Collection;)Z" line-rate="0.0" branch-rate="0.0">
							<lines>
								<line number="81" hits="0" branch="false"/>
								<line number="82" hits="0" branch="true" condition-coverage="0% (0/2)">
									<conditions>
										<condition number="0" type="jump" coverage="0%"/>
									</conditions>
								</line>
								<line number="83" hits="0" branch="true" condition-coverage="0% (0/2)">
									<conditions>
										<condition number="0" type="jump" coverage="0%"/>
									</conditions>
								</line>
								<line number="84" hits="0" branch="false"/>
								<line number="85" hits="0" branch="false"/>
								<line number="87" hits="0" branch="false"/>
								<line number="88" hits="0" branch="false"/>
							</lines>
						</method>
					</methods>
					<lines>
						<line number="41" hits="186" branch="false"/>
						<line number="46" hits="186" branch="false"/>
						<line number="47" hits="186" branch="false"/>
						<line number="48" hits="186" branch="false"/>
						<line number="52" hits="1" branch="false"/>
						<line number="53" hits="1" branch="true" condition-coverage="100% (2/2)">
							<conditions>
								<condition number="0" type="jump" coverage="100%"/>
							</conditions>
						</line>
						<line number="54" hits="2" branch="true" condition-coverage="100% (2/2)">
							<conditions>
								<condition number="0" type="jump" coverage="100%"/>
							</conditions>
						</line>
						<line number="55" hits="1" branch="false"/>
						<line number="56" hits="1" branch="false"/>
						<line number="58" hits="2" branch="false"/>
						<line number="59" hits="1" branch="false"/>
						<line number="65" hits="0" branch="false"/>
						<line number="70" hits="4" branch="false"/>
						<line number="71" hits="4" branch="true" condition-coverage="100% (2/2)">
							<conditions>
								<condition number="0" type="jump" coverage="100%"/>
							</conditions>
						</line>
						<line number="72" hits="10" branch="true" condition-coverage="100% (2/2)">
							<conditions>
								<condition number="0" type="jump" coverage="100%"/>
							</conditions>
						</line>
						<line number="73" hits="7" branch="false"/>
						<line number="75" hits="10" branch="false"/>
						<line number="76" hits="4" branch="false"/>
						<line number="81" hits="0" branch="false"/>
						<line number="82" hits="0" branch="true" condition-coverage="0% (0/2)">
							<conditions>
								<condition number="0" type="jump" coverage="0%"/>
							</conditions>
						</line>
						<line number="83" hits="0" branch="true" condition-coverage="0% (0/2)">
							<conditions>
								<condition number="0" type="jump" coverage="0%"/>
							</conditions>
						</line>
						<line number="84" hits="0" branch="false"/>
						<line number="85" hits="0" branch="false"/>
						<line number="87" hits="0" branch="false"/>
						<line number="88" hits="0" branch="false"/>
						<line number="93" hits="7" branch="false"/>
						<line number="98" hits="395" branch="false"/>
						<line number="99" hits="395" branch="true" condition-coverage="100% (2/2)">
							<conditions>
								<condition number="0" type="jump" coverage="100%"/>
							</conditions>
						</line>
						<line number="100" hits="391" branch="false"/>
						<line number="101" hits="391" branch="false"/>
						<line number="102" hits="391" branch="false"/>
						<line number="104" hits="4" branch="false"/>
						<line number="110" hits="2" branch="false"/>
						<line number="111" hits="2" branch="true" condition-coverage="50% (1/2)">
							<conditions>
								<condition number="0" type="jump" coverage="50%"/>
							</conditions>
						</line>
						<line number="112" hits="2" branch="false"/>
						<line number="113" hits="2" branch="false"/>
						<line number="114" hits="2" branch="false"/>
						<line number="116" hits="0" branch="false"/>
						<line number="122" hits="99" branch="false"/>
						<line number="127" hits="0" branch="false"/>
						<line number="128" hits="0" branch="false"/>
						<line number="129" hits="0" branch="false"/>
						<line number="134" hits="0" branch="false"/>
					</lines>
				</class>
				<class name="com.p6spy.engine.common.CustomHashedHashSet$CustomHashedHashSetIterator" filename="com/p6spy/engine/common/CustomHashedHashSet.java" line-rate="0.8333333333333334" branch-rate="1.0" complexity="1.8666666666666667">
					<methods>
						<method name="&lt;init&gt;" signature="(Lcom/p6spy/engine/common/CustomHashedHashSet;Ljava/util/Iterator;)V" line-rate="1.0" branch-rate="1.0">
							<lines>
								<line number="141" hits="99" branch="false"/>
								<line number="142" hits="99" branch="false"/>
								<line number="143" hits="99" branch="false"/>
							</lines>
						</method>
						<method name="hasNext" signature="()Z" line-rate="1.0" branch-rate="1.0">
							<lines>
								<line number="147" hits="316" branch="false"/>
							</lines>
						</method>
						<method name="next" signature="()Ljava/lang/Object;" line-rate="1.0" branch-rate="1.0">
							<lines>
								<line number="152" hits="217" branch="false"/>
							</lines>
						</method>
						<method name="remove" signature="()V" line-rate="0.0" branch-rate="1.0">
							<lines>
								<line number="158" hits="0" branch="false"/>
							</lines>
						</method>
					</methods>
					<lines>
						<line number="141" hits="99" branch="false"/>
						<line number="142" hits="99" branch="false"/>
						<line number="143" hits="99" branch="false"/>
						<line number="147" hits="316" branch="false"/>
						<line number="152" hits="217" branch="false"/>
						<line number="158" hits="0" branch="false"/>
					</lines>
				</class>
				<class name="com.p6spy.engine.common.Hasher" filename="com/p6spy/engine/common/Hasher.java" line-rate="1.0" branch-rate="1.0" complexity="1.0">
					<methods>
					</methods>
					<lines>
					</lines>
				</class>
				<class name="com.p6spy.engine.common.Loggable" filename="com/p6spy/engine/common/Loggable.java" line-rate="1.0" branch-rate="1.0" complexity="1.0">
					<methods>
					</methods>
					<lines>
					</lines>
				</class>
				<class name="com.p6spy.engine.common.P6LogQuery" filename="com/p6spy/engine/common/P6LogQuery.java" line-rate="0.9052631578947369" branch-rate="0.7448979591836735" complexity="4.0">
					<methods>
						<method name="&lt;clinit&gt;" signature="()V" line-rate="1.0" branch-rate="1.0">
							<lines>
								<line number="44" hits="1" branch="false"/>
								<line number="50" hits="1" branch="false"/>
								<line number="56" hits="1" branch="false"/>
							</lines>
						</method>
						<method name="&lt;init&gt;" signature="()V" line-rate="1.0" branch-rate="1.0">
							<lines>
								<line number="42" hits="99" branch="false"/>
							</lines>
						</method>
						<method name="debug" signature="(Ljava/lang/String;)V" line-rate="0.8" branch-rate="0.75">
							<lines>
								<line number="231" hits="444" branch="true" condition-coverage="100% (2/2)">
									<conditions>
										<condition number="0" type="jump" coverage="100%"/>
									</conditions>
								</line>
								<line number="232" hits="20" branch="true" condition-coverage="50% (1/2)">
									<conditions>
										<condition number="0" type="jump" coverage="50%"/>
									</conditions>
								</line>
								<line number="233" hits="20" branch="false"/>
								<line number="235" hits="0" branch="false"/>
								<line number="238" hits="444" branch="false"/>
							</lines>
						</method>
						<method name="doLog" signature="(IJLcom/p6spy/engine/logging/Category;Ljava/lang/String;Ljava/lang/String;)V" line-rate="0.8260869565217391" branch-rate="0.7142857142857143">
							<lines>
								<line number="108" hits="612" branch="true" condition-coverage="50% (1/2)">
									<conditions>
										<condition number="0" type="jump" coverage="50%"/>
									</conditions>
								</line>
								<line number="109" hits="0" branch="false"/>
								<line number="110" hits="0" branch="true" condition-coverage="0% (0/2)">
									<conditions>
										<condition number="0" type="jump" coverage="0%"/>
									</conditions>
								</line>
								<line number="111" hits="0" branch="false"/>
								<line number="115" hits="612" branch="false"/>
								<line number="117" hits="612" branch="true" condition-coverage="50% (1/2)">
									<conditions>
										<condition number="0" type="jump" coverage="50%"/>
									</conditions>
								</line>
								<line number="118" hits="612" branch="false"/>
								<line number="120" hits="0" branch="false"/>
								<line number="123" hits="612" branch="false"/>
								<line number="125" hits="612" branch="false"/>
								<line number="126" hits="612" branch="true" condition-coverage="100% (2/2)">
									<conditions>
										<condition number="0" type="jump" coverage="100%"/>
									</conditions>
								</line>
								<line number="127" hits="3" branch="false"/>
								<line number="128" hits="3" branch="false"/>
								<line number="129" hits="3" branch="true" condition-coverage="100% (2/2)">
									<conditions>
										<condition number="0" type="jump" coverage="100%"/>
									</conditions>
								</line>
								<line number="130" hits="2" branch="false"/>
								<line number="131" hits="2" branch="false"/>
								<line number="132" hits="2" branch="false"/>
								<line number="133" hits="2" branch="false"/>
								<line number="134" hits="2" branch="true" condition-coverage="100% (2/2)">
									<conditions>
										<condition number="0" type="jump" coverage="100%"/>
									</conditions>
								</line>
								<line number="135" hits="1" branch="false"/>
								<line number="138" hits="3" branch="true" condition-coverage="100% (2/2)">
									<conditions>
										<condition number="0" type="jump" coverage="100%"/>
									</conditions>
								</line>
								<line number="139" hits="2" branch="false"/>
								<line number="142" hits="612" branch="false"/>
							</lines>
						</method>
						<method name="doLog" signature="(JLcom/p6spy/engine/logging/Category;Ljava/lang/String;Ljava/lang/String;)V" line-rate="1.0" branch-rate="1.0">
							<lines>
								<line number="89" hits="71" branch="false"/>
								<line number="90" hits="71" branch="false"/>
							</lines>
						</method>
						<method name="doLogElapsed" signature="(IJLcom/p6spy/engine/logging/Category;Ljava/lang/String;Ljava/lang/String;)V" line-rate="1.0" branch-rate="1.0">
							<lines>
								<line number="94" hits="541" branch="false"/>
								<line number="95" hits="541" branch="false"/>
							</lines>
						</method>
						<method name="error" signature="(Ljava/lang/String;)V" line-rate="1.0" branch-rate="0.5">
							<lines>
								<line number="241" hits="2" branch="false"/>
								<line number="242" hits="2" branch="true" condition-coverage="50% (1/2)">
									<conditions>
										<condition number="0" type="jump" coverage="50%"/>
									</conditions>
								</line>
								<line number="243" hits="2" branch="false"/>
								<line number="245" hits="2" branch="false"/>
							</lines>
						</method>
						<method name="getLogger" signature="()Lcom/p6spy/engine/spy/appender/P6Logger;" line-rate="1.0" branch-rate="1.0">
							<lines>
								<line number="248" hits="409" branch="false"/>
							</lines>
						</method>
						<method name="info" signature="(Ljava/lang/String;)V" line-rate="0.6666666666666666" branch-rate="0.5">
							<lines>
								<line number="221" hits="2" branch="true" condition-coverage="50% (2/4)">
									<conditions>
										<condition number="0" type="jump" coverage="50%"/>
										<condition number="1" type="jump" coverage="50%"/>
									</conditions>
								</line>
								<line number="222" hits="0" branch="false"/>
								<line number="224" hits="2" branch="false"/>
							</lines>
						</method>
						<method name="initialize" signature="()V" line-rate="1.0" branch-rate="0.7">
							<lines>
								<line number="66" hits="401" branch="false"/>
								<line number="67" hits="401" branch="true" condition-coverage="100% (2/2)">
									<conditions>
										<condition number="0" type="jump" coverage="100%"/>
									</conditions>
								</line>
								<line number="69" hits="4" branch="false"/>
								<line number="72" hits="397" branch="false"/>
								<line number="73" hits="397" branch="false"/>
								<line number="74" hits="397" branch="true" condition-coverage="50% (1/2)">
									<conditions>
										<condition number="0" type="jump" coverage="50%"/>
									</conditions>
								</line>
								<line number="75" hits="397" branch="true" condition-coverage="100% (2/2)">
									<conditions>
										<condition number="0" type="jump" coverage="100%"/>
									</conditions>
								</line>
								<line number="76" hits="100" branch="false"/>
								<line number="77" hits="100" branch="false"/>
								<line number="79" hits="397" branch="true" condition-coverage="50% (1/2)">
									<conditions>
										<condition number="0" type="jump" coverage="50%"/>
									</conditions>
								</line>
								<line number="80" hits="397" branch="false"/>
								<line number="81" hits="397" branch="true" condition-coverage="50% (1/2)">
									<conditions>
										<condition number="0" type="jump" coverage="50%"/>
									</conditions>
								</line>
								<line number="82" hits="397" branch="false"/>
								<line number="86" hits="397" branch="false"/>
							</lines>
						</method>
						<method name="isCategoryOk" signature="(Lcom/p6spy/engine/logging/Category;)Z" line-rate="1.0" branch-rate="0.9">
							<lines>
								<line number="163" hits="1273" branch="false"/>
								<line number="164" hits="1273" branch="true" condition-coverage="100% (2/2)">
									<conditions>
										<condition number="0" type="jump" coverage="100%"/>
									</conditions>
								</line>
								<line number="165" hits="14" branch="false"/>
								<line number="168" hits="1259" branch="false"/>
								<line number="170" hits="1259" branch="true" condition-coverage="87% (7/8)">
									<conditions>
										<condition number="0" type="jump" coverage="50%"/>
										<condition number="1" type="jump" coverage="100%"/>
										<condition number="2" type="jump" coverage="100%"/>
										<condition number="3" type="jump" coverage="100%"/>
									</conditions>
								</line>
							</lines>
						</method>
						<method name="isDebugEnabled" signature="()Z" line-rate="1.0" branch-rate="1.0">
							<lines>
								<line number="227" hits="523" branch="false"/>
							</lines>
						</method>
						<method name="isLoggable" signature="(Ljava/lang/String;)Z" line-rate="0.875" branch-rate="0.8125">
							<lines>
								<line number="145" hits="586" branch="true" condition-coverage="50% (1/2)">
									<conditions>
										<condition number="0" type="jump" coverage="50%"/>
									</conditions>
								</line>
								<line number="146" hits="0" branch="false"/>
								<line number="149" hits="586" branch="false"/>
								<line number="151" hits="586" branch="true" condition-coverage="100% (2/2)">
									<conditions>
										<condition number="0" type="jump" coverage="100%"/>
									</conditions>
								</line>
								<line number="152" hits="5" branch="false"/>
								<line number="155" hits="581" branch="false"/>
								<line number="156" hits="581" branch="false"/>
								<line number="158" hits="581" branch="true" condition-coverage="83% (10/12)">
									<conditions>
										<condition number="0" type="jump" coverage="100%"/>
										<condition number="1" type="jump" coverage="50%"/>
										<condition number="2" type="jump" coverage="100%"/>
										<condition number="3" type="jump" coverage="100%"/>
										<condition number="4" type="jump" coverage="50%"/>
										<condition number="5" type="jump" coverage="100%"/>
									</conditions>
								</line>
							</lines>
						</method>
						<method name="log" signature="(Lcom/p6spy/engine/logging/Category;Lcom/p6spy/engine/common/Loggable;)V" line-rate="1.0" branch-rate="0.8333333333333334">
							<lines>
								<line number="185" hits="69" branch="true" condition-coverage="83% (5/6)">
									<conditions>
										<condition number="0" type="jump" coverage="50%"/>
										<condition number="1" type="jump" coverage="100%"/>
										<condition number="2" type="jump" coverage="100%"/>
									</conditions>
								</line>
								<line number="186" hits="23" branch="false"/>
								<line number="188" hits="69" branch="false"/>
							</lines>
						</method>
						<method name="log" signature="(Lcom/p6spy/engine/logging/Category;Ljava/lang/String;Ljava/lang/String;)V" line-rate="1.0" branch-rate="0.75">
							<lines>
								<line number="179" hits="60" branch="true" condition-coverage="75% (3/4)">
									<conditions>
										<condition number="0" type="jump" coverage="50%"/>
										<condition number="1" type="jump" coverage="100%"/>
									</conditions>
								</line>
								<line number="180" hits="26" branch="false"/>
								<line number="182" hits="60" branch="false"/>
							</lines>
						</method>
						<method name="logElapsed" signature="(IJLcom/p6spy/engine/logging/Category;Lcom/p6spy/engine/common/Loggable;)V" line-rate="1.0" branch-rate="0.9">
							<lines>
								<line number="202" hits="618" branch="true" condition-coverage="87% (7/8)">
									<conditions>
										<condition number="0" type="jump" coverage="50%"/>
										<condition number="1" type="jump" coverage="100%"/>
										<condition number="2" type="jump" coverage="100%"/>
										<condition number="3" type="jump" coverage="100%"/>
									</conditions>
								</line>
								<line number="203" hits="539" branch="false"/>
								<line number="204" hits="79" branch="true" condition-coverage="100% (2/2)">
									<conditions>
										<condition number="0" type="jump" coverage="100%"/>
									</conditions>
								</line>
								<line number="205" hits="1" branch="false"/>
								<line number="206" hits="1" branch="false"/>
								<line number="209" hits="618" branch="false"/>
							</lines>
						</method>
						<method name="logElapsed" signature="(IJLcom/p6spy/engine/logging/Category;Ljava/lang/String;Ljava/lang/String;)V" line-rate="0.6" branch-rate="0.4">
							<lines>
								<line number="191" hits="2" branch="true" condition-coverage="50% (4/8)">
									<conditions>
										<condition number="0" type="jump" coverage="50%"/>
										<condition number="1" type="jump" coverage="50%"/>
										<condition number="2" type="jump" coverage="50%"/>
										<condition number="3" type="jump" coverage="50%"/>
									</conditions>
								</line>
								<line number="192" hits="2" branch="false"/>
								<line number="193" hits="0" branch="true" condition-coverage="0% (0/2)">
									<conditions>
										<condition number="0" type="jump" coverage="0%"/>
									</conditions>
								</line>
								<line number="194" hits="0" branch="false"/>
								<line number="197" hits="2" branch="false"/>
							</lines>
						</method>
						<method name="meetsThresholdRequirement" signature="(J)Z" line-rate="1.0" branch-rate="0.8333333333333334">
							<lines>
								<line number="214" hits="621" branch="false"/>
								<line number="215" hits="621" branch="true" condition-coverage="100% (2/2)">
									<conditions>
										<condition number="0" type="jump" coverage="100%"/>
									</conditions>
								</line>
								<line number="217" hits="621" branch="true" condition-coverage="75% (3/4)">
									<conditions>
										<condition number="0" type="jump" coverage="100%"/>
										<condition number="1" type="jump" coverage="50%"/>
									</conditions>
								</line>
							</lines>
						</method>
						<method name="optionChanged" signature="(Ljava/lang/String;Ljava/lang/Object;Ljava/lang/Object;)V" line-rate="1.0" branch-rate="1.0">
							<lines>
								<line number="60" hits="2954" branch="true" condition-coverage="100% (2/2)">
									<conditions>
										<condition number="0" type="jump" coverage="100%"/>
									</conditions>
								</line>
								<line number="61" hits="301" branch="false"/>
								<line number="63" hits="2954" branch="false"/>
							</lines>
						</method>
					</methods>
					<lines>
						<line number="42" hits="99" branch="false"/>
						<line number="44" hits="1" branch="false"/>
						<line number="50" hits="1" branch="false"/>
						<line number="56" hits="1" branch="false"/>
						<line number="60" hits="2954" branch="true" condition-coverage="100% (2/2)">
							<conditions>
								<condition number="0" type="jump" coverage="100%"/>
							</conditions>
						</line>
						<line number="61" hits="301" branch="false"/>
						<line number="63" hits="2954" branch="false"/>
						<line number="66" hits="401" branch="false"/>
						<line number="67" hits="401" branch="true" condition-coverage="100% (2/2)">
							<conditions>
								<condition number="0" type="jump" coverage="100%"/>
							</conditions>
						</line>
						<line number="69" hits="4" branch="false"/>
						<line number="72" hits="397" branch="false"/>
						<line number="73" hits="397" branch="false"/>
						<line number="74" hits="397" branch="true" condition-coverage="50% (1/2)">
							<conditions>
								<condition number="0" type="jump" coverage="50%"/>
							</conditions>
						</line>
						<line number="75" hits="397" branch="true" condition-coverage="100% (2/2)">
							<conditions>
								<condition number="0" type="jump" coverage="100%"/>
							</conditions>
						</line>
						<line number="76" hits="100" branch="false"/>
						<line number="77" hits="100" branch="false"/>
						<line number="79" hits="397" branch="true" condition-coverage="50% (1/2)">
							<conditions>
								<condition number="0" type="jump" coverage="50%"/>
							</conditions>
						</line>
						<line number="80" hits="397" branch="false"/>
						<line number="81" hits="397" branch="true" condition-coverage="50% (1/2)">
							<conditions>
								<condition number="0" type="jump" coverage="50%"/>
							</conditions>
						</line>
						<line number="82" hits="397" branch="false"/>
						<line number="86" hits="397" branch="false"/>
						<line number="89" hits="71" branch="false"/>
						<line number="90" hits="71" branch="false"/>
						<line number="94" hits="541" branch="false"/>
						<line number="95" hits="541" branch="false"/>
						<line number="108" hits="612" branch="true" condition-coverage="50% (1/2)">
							<conditions>
								<condition number="0" type="jump" coverage="50%"/>
							</conditions>
						</line>
						<line number="109" hits="0" branch="false"/>
						<line number="110" hits="0" branch="true" condition-coverage="0% (0/2)">
							<conditions>
								<condition number="0" type="jump" coverage="0%"/>
							</conditions>
						</line>
						<line number="111" hits="0" branch="false"/>
						<line number="115" hits="612" branch="false"/>
						<line number="117" hits="612" branch="true" condition-coverage="50% (1/2)">
							<conditions>
								<condition number="0" type="jump" coverage="50%"/>
							</conditions>
						</line>
						<line number="118" hits="612" branch="false"/>
						<line number="120" hits="0" branch="false"/>
						<line number="123" hits="612" branch="false"/>
						<line number="125" hits="612" branch="false"/>
						<line number="126" hits="612" branch="true" condition-coverage="100% (2/2)">
							<conditions>
								<condition number="0" type="jump" coverage="100%"/>
							</conditions>
						</line>
						<line number="127" hits="3" branch="false"/>
						<line number="128" hits="3" branch="false"/>
						<line number="129" hits="3" branch="true" condition-coverage="100% (2/2)">
							<conditions>
								<condition number="0" type="jump" coverage="100%"/>
							</conditions>
						</line>
						<line number="130" hits="2" branch="false"/>
						<line number="131" hits="2" branch="false"/>
						<line number="132" hits="2" branch="false"/>
						<line number="133" hits="2" branch="false"/>
						<line number="134" hits="2" branch="true" condition-coverage="100% (2/2)">
							<conditions>
								<condition number="0" type="jump" coverage="100%"/>
							</conditions>
						</line>
						<line number="135" hits="1" branch="false"/>
						<line number="138" hits="3" branch="true" condition-coverage="100% (2/2)">
							<conditions>
								<condition number="0" type="jump" coverage="100%"/>
							</conditions>
						</line>
						<line number="139" hits="2" branch="false"/>
						<line number="142" hits="612" branch="false"/>
						<line number="145" hits="586" branch="true" condition-coverage="50% (1/2)">
							<conditions>
								<condition number="0" type="jump" coverage="50%"/>
							</conditions>
						</line>
						<line number="146" hits="0" branch="false"/>
						<line number="149" hits="586" branch="false"/>
						<line number="151" hits="586" branch="true" condition-coverage="100% (2/2)">
							<conditions>
								<condition number="0" type="jump" coverage="100%"/>
							</conditions>
						</line>
						<line number="152" hits="5" branch="false"/>
						<line number="155" hits="581" branch="false"/>
						<line number="156" hits="581" branch="false"/>
						<line number="158" hits="581" branch="true" condition-coverage="83% (10/12)">
							<conditions>
								<condition number="0" type="jump" coverage="100%"/>
								<condition number="1" type="jump" coverage="50%"/>
								<condition number="2" type="jump" coverage="100%"/>
								<condition number="3" type="jump" coverage="100%"/>
								<condition number="4" type="jump" coverage="50%"/>
								<condition number="5" type="jump" coverage="100%"/>
							</conditions>
						</line>
						<line number="163" hits="1273" branch="false"/>
						<line number="164" hits="1273" branch="true" condition-coverage="100% (2/2)">
							<conditions>
								<condition number="0" type="jump" coverage="100%"/>
							</conditions>
						</line>
						<line number="165" hits="14" branch="false"/>
						<line number="168" hits="1259" branch="false"/>
						<line number="170" hits="1259" branch="true" condition-coverage="87% (7/8)">
							<conditions>
								<condition number="0" type="jump" coverage="50%"/>
								<condition number="1" type="jump" coverage="100%"/>
								<condition number="2" type="jump" coverage="100%"/>
								<condition number="3" type="jump" coverage="100%"/>
							</conditions>
						</line>
						<line number="179" hits="60" branch="true" condition-coverage="75% (3/4)">
							<conditions>
								<condition number="0" type="jump" coverage="50%"/>
								<condition number="1" type="jump" coverage="100%"/>
							</conditions>
						</line>
						<line number="180" hits="26" branch="false"/>
						<line number="182" hits="60" branch="false"/>
						<line number="185" hits="69" branch="true" condition-coverage="83% (5/6)">
							<conditions>
								<condition number="0" type="jump" coverage="50%"/>
								<condition number="1" type="jump" coverage="100%"/>
								<condition number="2" type="jump" coverage="100%"/>
							</conditions>
						</line>
						<line number="186" hits="23" branch="false"/>
						<line number="188" hits="69" branch="false"/>
						<line number="191" hits="2" branch="true" condition-coverage="50% (4/8)">
							<conditions>
								<condition number="0" type="jump" coverage="50%"/>
								<condition number="1" type="jump" coverage="50%"/>
								<condition number="2" type="jump" coverage="50%"/>
								<condition number="3" type="jump" coverage="50%"/>
							</conditions>
						</line>
						<line number="192" hits="2" branch="false"/>
						<line number="193" hits="0" branch="true" condition-coverage="0% (0/2)">
							<conditions>
								<condition number="0" type="jump" coverage="0%"/>
							</conditions>
						</line>
						<line number="194" hits="0" branch="false"/>
						<line number="197" hits="2" branch="false"/>
						<line number="202" hits="618" branch="true" condition-coverage="87% (7/8)">
							<conditions>
								<condition number="0" type="jump" coverage="50%"/>
								<condition number="1" type="jump" coverage="100%"/>
								<condition number="2" type="jump" coverage="100%"/>
								<condition number="3" type="jump" coverage="100%"/>
							</conditions>
						</line>
						<line number="203" hits="539" branch="false"/>
						<line number="204" hits="79" branch="true" condition-coverage="100% (2/2)">
							<conditions>
								<condition number="0" type="jump" coverage="100%"/>
							</conditions>
						</line>
						<line number="205" hits="1" branch="false"/>
						<line number="206" hits="1" branch="false"/>
						<line number="209" hits="618" branch="false"/>
						<line number="214" hits="621" branch="false"/>
						<line number="215" hits="621" branch="true" condition-coverage="100% (2/2)">
							<conditions>
								<condition number="0" type="jump" coverage="100%"/>
							</conditions>
						</line>
						<line number="217" hits="621" branch="true" condition-coverage="75% (3/4)">
							<conditions>
								<condition number="0" type="jump" coverage="100%"/>
								<condition number="1" type="jump" coverage="50%"/>
							</conditions>
						</line>
						<line number="221" hits="2" branch="true" condition-coverage="50% (2/4)">
							<conditions>
								<condition number="0" type="jump" coverage="50%"/>
								<condition number="1" type="jump" coverage="50%"/>
							</conditions>
						</line>
						<line number="222" hits="0" branch="false"/>
						<line number="224" hits="2" branch="false"/>
						<line number="227" hits="523" branch="false"/>
						<line number="231" hits="444" branch="true" condition-coverage="100% (2/2)">
							<conditions>
								<condition number="0" type="jump" coverage="100%"/>
							</conditions>
						</line>
						<line number="232" hits="20" branch="true" condition-coverage="50% (1/2)">
							<conditions>
								<condition number="0" type="jump" coverage="50%"/>
							</conditions>
						</line>
						<line number="233" hits="20" branch="false"/>
						<line number="235" hits="0" branch="false"/>
						<line number="238" hits="444" branch="false"/>
						<line number="241" hits="2" branch="false"/>
						<line number="242" hits="2" branch="true" condition-coverage="50% (1/2)">
							<conditions>
								<condition number="0" type="jump" coverage="50%"/>
							</conditions>
						</line>
						<line number="243" hits="2" branch="false"/>
						<line number="245" hits="2" branch="false"/>
						<line number="248" hits="409" branch="false"/>
					</lines>
				</class>
				<class name="com.p6spy.engine.common.P6Util" filename="com/p6spy/engine/common/P6Util.java" line-rate="0.6285714285714286" branch-rate="0.7142857142857143" complexity="4.0">
					<methods>
						<method name="&lt;clinit&gt;" signature="()V" line-rate="1.0" branch-rate="1.0">
							<lines>
								<line number="36" hits="1" branch="false"/>
							</lines>
						</method>
						<method name="&lt;init&gt;" signature="()V" line-rate="0.0" branch-rate="1.0">
							<lines>
								<line number="35" hits="0" branch="false"/>
							</lines>
						</method>
						<method name="forName" signature="(Ljava/lang/String;)Ljava/lang/Class;" line-rate="0.42857142857142855" branch-rate="1.0">
							<lines>
								<line number="134" hits="726" branch="false"/>
								<line number="136" hits="726" branch="false"/>
								<line number="137" hits="726" branch="false"/>
								<line number="139" hits="0" branch="false"/>
								<line number="143" hits="0" branch="false"/>
								<line number="144" hits="0" branch="false"/>
								<line number="145" hits="0" branch="false"/>
							</lines>
						</method>
						<method name="getPath" signature="(Ljava/net/URL;)Ljava/lang/String;" line-rate="0.0" branch-rate="0.0">
							<lines>
								<line number="149" hits="0" branch="false"/>
								<line number="150" hits="0" branch="false"/>
								<line number="151" hits="0" branch="true" condition-coverage="0% (0/2)">
									<conditions>
										<condition number="0" type="jump" coverage="0%"/>
									</conditions>
								</line>
								<line number="152" hits="0" branch="false"/>
								<line number="153" hits="0" branch="true" condition-coverage="0% (0/2)">
									<conditions>
										<condition number="0" type="jump" coverage="0%"/>
									</conditions>
								</line>
								<line number="154" hits="0" branch="false"/>
								<line number="156" hits="0" branch="false"/>
								<line number="159" hits="0" branch="false"/>
							</lines>
						</method>
						<method name="getProperties" signature="(Ljava/util/Map;)Ljava/util/Properties;" line-rate="0.0" branch-rate="0.0">
							<lines>
								<line number="194" hits="0" branch="true" condition-coverage="0% (0/2)">
									<conditions>
										<condition number="0" type="jump" coverage="0%"/>
									</conditions>
								</line>
								<line number="195" hits="0" branch="false"/>
								<line number="198" hits="0" branch="false"/>
								<line number="199" hits="0" branch="false"/>
								<line number="200" hits="0" branch="false"/>
							</lines>
						</method>
						<method name="getPropertiesMap" signature="(Ljava/util/Properties;)Ljava/util/Map;" line-rate="0.8571428571428571" branch-rate="0.75">
							<lines>
								<line number="170" hits="100" branch="true" condition-coverage="50% (1/2)">
									<conditions>
										<condition number="0" type="jump" coverage="50%"/>
									</conditions>
								</line>
								<line number="171" hits="0" branch="false"/>
								<line number="174" hits="100" branch="false"/>
								<line number="175" hits="100" branch="true" condition-coverage="100% (2/2)">
									<conditions>
										<condition number="0" type="jump" coverage="100%"/>
									</conditions>
								</line>
								<line number="176" hits="634" branch="false"/>
								<line number="177" hits="634" branch="false"/>
								<line number="178" hits="100" branch="false"/>
							</lines>
						</method>
						<method name="isTrue" signature="(Ljava/lang/String;Z)Z" line-rate="0.6666666666666666" branch-rate="0.6666666666666666">
							<lines>
								<line number="55" hits="741" branch="true" condition-coverage="50% (1/2)">
									<conditions>
										<condition number="0" type="jump" coverage="50%"/>
									</conditions>
								</line>
								<line number="56" hits="0" branch="false"/>
								<line number="58" hits="741" branch="true" condition-coverage="75% (3/4)">
									<conditions>
										<condition number="0" type="jump" coverage="50%"/>
										<condition number="1" type="jump" coverage="100%"/>
									</conditions>
								</line>
							</lines>
						</method>
						<method name="joinNullSafe" signature="(Ljava/util/Collection;Ljava/lang/String;)Ljava/lang/String;" line-rate="1.0" branch-rate="1.0">
							<lines>
								<line number="211" hits="3254" branch="true" condition-coverage="100% (4/4)">
									<conditions>
										<condition number="0" type="jump" coverage="100%"/>
										<condition number="1" type="jump" coverage="100%"/>
									</conditions>
								</line>
								<line number="212" hits="2793" branch="false"/>
								<line number="215" hits="461" branch="true" condition-coverage="100% (2/2)">
									<conditions>
										<condition number="0" type="jump" coverage="100%"/>
									</conditions>
								</line>
								<line number="216" hits="1" branch="false"/>
								<line number="219" hits="461" branch="false"/>
								<line number="220" hits="461" branch="true" condition-coverage="100% (2/2)">
									<conditions>
										<condition number="0" type="jump" coverage="100%"/>
									</conditions>
								</line>
								<line number="221" hits="931" branch="true" condition-coverage="100% (2/2)">
									<conditions>
										<condition number="0" type="jump" coverage="100%"/>
									</conditions>
								</line>
								<line number="222" hits="470" branch="false"/>
								<line number="224" hits="931" branch="false"/>
								<line number="225" hits="931" branch="false"/>
								<line number="226" hits="461" branch="false"/>
							</lines>
						</method>
						<method name="locateFile" signature="(Ljava/lang/String;)Ljava/net/URL;" line-rate="0.8888888888888888" branch-rate="1.0">
							<lines>
								<line number="76" hits="204" branch="false"/>
								<line number="80" hits="204" branch="false"/>
								<line number="81" hits="204" branch="true" condition-coverage="100% (2/2)">
									<conditions>
										<condition number="0" type="jump" coverage="100%"/>
									</conditions>
								</line>
								<line number="82" hits="199" branch="false"/>
								<line number="86" hits="204" branch="true" condition-coverage="100% (2/2)">
									<conditions>
										<condition number="0" type="jump" coverage="100%"/>
									</conditions>
								</line>
								<line number="87" hits="5" branch="false"/>
								<line number="89" hits="0" branch="false"/>
								<line number="90" hits="204" branch="false"/>
								<line number="92" hits="204" branch="false"/>
							</lines>
						</method>
						<method name="locateOnClassPath" signature="(Ljava/lang/String;)Ljava/net/URL;" line-rate="1.0" branch-rate="1.0">
							<lines>
								<line number="105" hits="5" branch="false"/>
								<line number="108" hits="5" branch="true" condition-coverage="100% (2/2)">
									<conditions>
										<condition number="0" type="jump" coverage="100%"/>
									</conditions>
								</line>
								<line number="109" hits="3" branch="false"/>
								<line number="113" hits="5" branch="true" condition-coverage="100% (2/2)">
									<conditions>
										<condition number="0" type="jump" coverage="100%"/>
									</conditions>
								</line>
								<line number="114" hits="3" branch="false"/>
								<line number="117" hits="5" branch="false"/>
							</lines>
						</method>
						<method name="parseCSVList" signature="(Ljava/lang/String;)Ljava/util/List;" line-rate="0.8" branch-rate="0.75">
							<lines>
								<line number="182" hits="615" branch="true" condition-coverage="50% (1/2)">
									<conditions>
										<condition number="0" type="jump" coverage="50%"/>
									</conditions>
								</line>
								<line number="183" hits="0" branch="false"/>
								<line number="186" hits="615" branch="true" condition-coverage="100% (2/2)">
									<conditions>
										<condition number="0" type="jump" coverage="100%"/>
									</conditions>
								</line>
								<line number="187" hits="98" branch="false"/>
								<line number="190" hits="517" branch="false"/>
							</lines>
						</method>
						<method name="parseInt" signature="(Ljava/lang/String;I)I" line-rate="0.3333333333333333" branch-rate="0.5">
							<lines>
								<line number="42" hits="8" branch="true" condition-coverage="50% (2/4)">
									<conditions>
										<condition number="0" type="jump" coverage="50%"/>
										<condition number="1" type="jump" coverage="50%"/>
									</conditions>
								</line>
								<line number="43" hits="0" branch="false"/>
								<line number="46" hits="8" branch="false"/>
								<line number="48" hits="0" branch="false"/>
								<line number="49" hits="0" branch="false"/>
								<line number="50" hits="0" branch="false"/>
							</lines>
						</method>
						<method name="singleLine" signature="(Ljava/lang/String;)Ljava/lang/String;" line-rate="1.0" branch-rate="1.0">
							<lines>
								<line number="38" hits="1226" branch="false"/>
							</lines>
						</method>
					</methods>
					<lines>
						<line number="35" hits="0" branch="false"/>
						<line number="36" hits="1" branch="false"/>
						<line number="38" hits="1226" branch="false"/>
						<line number="42" hits="8" branch="true" condition-coverage="50% (2/4)">
							<conditions>
								<condition number="0" type="jump" coverage="50%"/>
								<condition number="1" type="jump" coverage="50%"/>
							</conditions>
						</line>
						<line number="43" hits="0" branch="false"/>
						<line number="46" hits="8" branch="false"/>
						<line number="48" hits="0" branch="false"/>
						<line number="49" hits="0" branch="false"/>
						<line number="50" hits="0" branch="false"/>
						<line number="55" hits="741" branch="true" condition-coverage="50% (1/2)">
							<conditions>
								<condition number="0" type="jump" coverage="50%"/>
							</conditions>
						</line>
						<line number="56" hits="0" branch="false"/>
						<line number="58" hits="741" branch="true" condition-coverage="75% (3/4)">
							<conditions>
								<condition number="0" type="jump" coverage="50%"/>
								<condition number="1" type="jump" coverage="100%"/>
							</conditions>
						</line>
						<line number="76" hits="204" branch="false"/>
						<line number="80" hits="204" branch="false"/>
						<line number="81" hits="204" branch="true" condition-coverage="100% (2/2)">
							<conditions>
								<condition number="0" type="jump" coverage="100%"/>
							</conditions>
						</line>
						<line number="82" hits="199" branch="false"/>
						<line number="86" hits="204" branch="true" condition-coverage="100% (2/2)">
							<conditions>
								<condition number="0" type="jump" coverage="100%"/>
							</conditions>
						</line>
						<line number="87" hits="5" branch="false"/>
						<line number="89" hits="0" branch="false"/>
						<line number="90" hits="204" branch="false"/>
						<line number="92" hits="204" branch="false"/>
						<line number="105" hits="5" branch="false"/>
						<line number="108" hits="5" branch="true" condition-coverage="100% (2/2)">
							<conditions>
								<condition number="0" type="jump" coverage="100%"/>
							</conditions>
						</line>
						<line number="109" hits="3" branch="false"/>
						<line number="113" hits="5" branch="true" condition-coverage="100% (2/2)">
							<conditions>
								<condition number="0" type="jump" coverage="100%"/>
							</conditions>
						</line>
						<line number="114" hits="3" branch="false"/>
						<line number="117" hits="5" branch="false"/>
						<line number="134" hits="726" branch="false"/>
						<line number="136" hits="726" branch="false"/>
						<line number="137" hits="726" branch="false"/>
						<line number="139" hits="0" branch="false"/>
						<line number="143" hits="0" branch="false"/>
						<line number="144" hits="0" branch="false"/>
						<line number="145" hits="0" branch="false"/>
						<line number="149" hits="0" branch="false"/>
						<line number="150" hits="0" branch="false"/>
						<line number="151" hits="0" branch="true" condition-coverage="0% (0/2)">
							<conditions>
								<condition number="0" type="jump" coverage="0%"/>
							</conditions>
						</line>
						<line number="152" hits="0" branch="false"/>
						<line number="153" hits="0" branch="true" condition-coverage="0% (0/2)">
							<conditions>
								<condition number="0" type="jump" coverage="0%"/>
							</conditions>
						</line>
						<line number="154" hits="0" branch="false"/>
						<line number="156" hits="0" branch="false"/>
						<line number="159" hits="0" branch="false"/>
						<line number="170" hits="100" branch="true" condition-coverage="50% (1/2)">
							<conditions>
								<condition number="0" type="jump" coverage="50%"/>
							</conditions>
						</line>
						<line number="171" hits="0" branch="false"/>
						<line number="174" hits="100" branch="false"/>
						<line number="175" hits="100" branch="true" condition-coverage="100% (2/2)">
							<conditions>
								<condition number="0" type="jump" coverage="100%"/>
							</conditions>
						</line>
						<line number="176" hits="634" branch="false"/>
						<line number="177" hits="634" branch="false"/>
						<line number="178" hits="100" branch="false"/>
						<line number="182" hits="615" branch="true" condition-coverage="50% (1/2)">
							<conditions>
								<condition number="0" type="jump" coverage="50%"/>
							</conditions>
						</line>
						<line number="183" hits="0" branch="false"/>
						<line number="186" hits="615" branch="true" condition-coverage="100% (2/2)">
							<conditions>
								<condition number="0" type="jump" coverage="100%"/>
							</conditions>
						</line>
						<line number="187" hits="98" branch="false"/>
						<line number="190" hits="517" branch="false"/>
						<line number="194" hits="0" branch="true" condition-coverage="0% (0/2)">
							<conditions>
								<condition number="0" type="jump" coverage="0%"/>
							</conditions>
						</line>
						<line number="195" hits="0" branch="false"/>
						<line number="198" hits="0" branch="false"/>
						<line number="199" hits="0" branch="false"/>
						<line number="200" hits="0" branch="false"/>
						<line number="211" hits="3254" branch="true" condition-coverage="100% (4/4)">
							<conditions>
								<condition number="0" type="jump" coverage="100%"/>
								<condition number="1" type="jump" coverage="100%"/>
							</conditions>
						</line>
						<line number="212" hits="2793" branch="false"/>
						<line number="215" hits="461" branch="true" condition-coverage="100% (2/2)">
							<conditions>
								<condition number="0" type="jump" coverage="100%"/>
							</conditions>
						</line>
						<line number="216" hits="1" branch="false"/>
						<line number="219" hits="461" branch="false"/>
						<line number="220" hits="461" branch="true" condition-coverage="100% (2/2)">
							<conditions>
								<condition number="0" type="jump" coverage="100%"/>
							</conditions>
						</line>
						<line number="221" hits="931" branch="true" condition-coverage="100% (2/2)">
							<conditions>
								<condition number="0" type="jump" coverage="100%"/>
							</conditions>
						</line>
						<line number="222" hits="470" branch="false"/>
						<line number="224" hits="931" branch="false"/>
						<line number="225" hits="931" branch="false"/>
						<line number="226" hits="461" branch="false"/>
					</lines>
				</class>
				<class name="com.p6spy.engine.common.PreparedStatementInformation" filename="com/p6spy/engine/common/PreparedStatementInformation.java" line-rate="0.7948717948717948" branch-rate="0.75" complexity="2.5">
					<methods>
						<method name="&lt;clinit&gt;" signature="()V" line-rate="1.0" branch-rate="1.0">
							<lines>
								<line number="35" hits="1" branch="false"/>
							</lines>
						</method>
						<method name="&lt;init&gt;" signature="(Lcom/p6spy/engine/common/ConnectionInformation;Ljava/lang/String;)V" line-rate="1.0" branch-rate="1.0">
							<lines>
								<line number="36" hits="21" branch="false"/>
								<line number="39" hits="21" branch="false"/>
								<line number="40" hits="21" branch="false"/>
								<line number="41" hits="21" branch="false"/>
							</lines>
						</method>
						<method name="convertToString" signature="(Ljava/lang/Object;)Ljava/lang/String;" line-rate="0.8888888888888888" branch-rate="0.8333333333333334">
							<lines>
								<line number="86" hits="62" branch="true" condition-coverage="100% (2/2)">
									<conditions>
										<condition number="0" type="jump" coverage="100%"/>
									</conditions>
								</line>
								<line number="87" hits="17" branch="false"/>
								<line number="90" hits="45" branch="true" condition-coverage="100% (2/2)">
									<conditions>
										<condition number="0" type="jump" coverage="100%"/>
									</conditions>
								</line>
								<line number="91" hits="4" branch="false"/>
								<line number="92" hits="41" branch="true" condition-coverage="50% (1/2)">
									<conditions>
										<condition number="0" type="jump" coverage="50%"/>
									</conditions>
								</line>
								<line number="93" hits="0" branch="false"/>
								<line number="95" hits="41" branch="false"/>
								<line number="98" hits="45" branch="false"/>
								<line number="101" hits="62" branch="false"/>
							</lines>
						</method>
						<method name="escape" signature="(Ljava/lang/String;)Ljava/lang/String;" line-rate="1.0" branch-rate="1.0">
							<lines>
								<line number="140" hits="25" branch="false"/>
							</lines>
						</method>
						<method name="getParameterValues" signature="()Ljava/util/Map;" line-rate="1.0" branch-rate="1.0">
							<lines>
								<line number="81" hits="1" branch="false"/>
							</lines>
						</method>
						<method name="getSqlWithValues" signature="()Ljava/lang/String;" line-rate="1.0" branch-rate="0.8333333333333334">
							<lines>
								<line number="51" hits="23" branch="false"/>
								<line number="52" hits="23" branch="false"/>
								<line number="56" hits="23" branch="false"/>
								<line number="57" hits="1525" branch="true" condition-coverage="100% (2/2)">
									<conditions>
										<condition number="0" type="jump" coverage="100%"/>
									</conditions>
								</line>
								<line number="58" hits="1502" branch="false"/>
								<line number="59" hits="1502" branch="true" condition-coverage="75% (3/4)">
									<conditions>
										<condition number="0" type="jump" coverage="100%"/>
										<condition number="1" type="jump" coverage="50%"/>
									</conditions>
								</line>
								<line number="61" hits="60" branch="false"/>
								<line number="62" hits="60" branch="false"/>
								<line number="64" hits="1442" branch="false"/>
								<line number="68" hits="23" branch="false"/>
							</lines>
						</method>
						<method name="quoteIfNeeded" signature="(Ljava/lang/String;Ljava/lang/Object;)Ljava/lang/String;" line-rate="0.8" branch-rate="0.8333333333333334">
							<lines>
								<line number="105" hits="45" branch="true" condition-coverage="50% (1/2)">
									<conditions>
										<condition number="0" type="jump" coverage="50%"/>
									</conditions>
								</line>
								<line number="106" hits="0" branch="false"/>
								<line number="124" hits="45" branch="true" condition-coverage="100% (4/4)">
									<conditions>
										<condition number="0" type="jump" coverage="100%"/>
										<condition number="1" type="jump" coverage="100%"/>
									</conditions>
								</line>
								<line number="126" hits="20" branch="false"/>
								<line number="128" hits="25" branch="false"/>
							</lines>
						</method>
						<method name="setParameterValue" signature="(ILjava/lang/Object;)V" line-rate="1.0" branch-rate="1.0">
							<lines>
								<line number="77" hits="64" branch="false"/>
								<line number="78" hits="64" branch="false"/>
							</lines>
						</method>
						<method name="toHexString" signature="([B)Ljava/lang/String;" line-rate="0.0" branch-rate="0.0">
							<lines>
								<line number="144" hits="0" branch="false"/>
								<line number="145" hits="0" branch="true" condition-coverage="0% (0/2)">
									<conditions>
										<condition number="0" type="jump" coverage="0%"/>
									</conditions>
								</line>
								<line number="146" hits="0" branch="false"/>
								<line number="147" hits="0" branch="false"/>
								<line number="148" hits="0" branch="false"/>
								<line number="150" hits="0" branch="false"/>
							</lines>
						</method>
					</methods>
					<lines>
						<line number="35" hits="1" branch="false"/>
						<line number="36" hits="21" branch="false"/>
						<line number="39" hits="21" branch="false"/>
						<line number="40" hits="21" branch="false"/>
						<line number="41" hits="21" branch="false"/>
						<line number="51" hits="23" branch="false"/>
						<line number="52" hits="23" branch="false"/>
						<line number="56" hits="23" branch="false"/>
						<line number="57" hits="1525" branch="true" condition-coverage="100% (2/2)">
							<conditions>
								<condition number="0" type="jump" coverage="100%"/>
							</conditions>
						</line>
						<line number="58" hits="1502" branch="false"/>
						<line number="59" hits="1502" branch="true" condition-coverage="75% (3/4)">
							<conditions>
								<condition number="0" type="jump" coverage="100%"/>
								<condition number="1" type="jump" coverage="50%"/>
							</conditions>
						</line>
						<line number="61" hits="60" branch="false"/>
						<line number="62" hits="60" branch="false"/>
						<line number="64" hits="1442" branch="false"/>
						<line number="68" hits="23" branch="false"/>
						<line number="77" hits="64" branch="false"/>
						<line number="78" hits="64" branch="false"/>
						<line number="81" hits="1" branch="false"/>
						<line number="86" hits="62" branch="true" condition-coverage="100% (2/2)">
							<conditions>
								<condition number="0" type="jump" coverage="100%"/>
							</conditions>
						</line>
						<line number="87" hits="17" branch="false"/>
						<line number="90" hits="45" branch="true" condition-coverage="100% (2/2)">
							<conditions>
								<condition number="0" type="jump" coverage="100%"/>
							</conditions>
						</line>
						<line number="91" hits="4" branch="false"/>
						<line number="92" hits="41" branch="true" condition-coverage="50% (1/2)">
							<conditions>
								<condition number="0" type="jump" coverage="50%"/>
							</conditions>
						</line>
						<line number="93" hits="0" branch="false"/>
						<line number="95" hits="41" branch="false"/>
						<line number="98" hits="45" branch="false"/>
						<line number="101" hits="62" branch="false"/>
						<line number="105" hits="45" branch="true" condition-coverage="50% (1/2)">
							<conditions>
								<condition number="0" type="jump" coverage="50%"/>
							</conditions>
						</line>
						<line number="106" hits="0" branch="false"/>
						<line number="124" hits="45" branch="true" condition-coverage="100% (4/4)">
							<conditions>
								<condition number="0" type="jump" coverage="100%"/>
								<condition number="1" type="jump" coverage="100%"/>
							</conditions>
						</line>
						<line number="126" hits="20" branch="false"/>
						<line number="128" hits="25" branch="false"/>
						<line number="140" hits="25" branch="false"/>
						<line number="144" hits="0" branch="false"/>
						<line number="145" hits="0" branch="true" condition-coverage="0% (0/2)">
							<conditions>
								<condition number="0" type="jump" coverage="0%"/>
							</conditions>
						</line>
						<line number="146" hits="0" branch="false"/>
						<line number="147" hits="0" branch="false"/>
						<line number="148" hits="0" branch="false"/>
						<line number="150" hits="0" branch="false"/>
					</lines>
				</class>
				<class name="com.p6spy.engine.common.ResultSetInformation" filename="com/p6spy/engine/common/ResultSetInformation.java" line-rate="1.0" branch-rate="1.0" complexity="1.3333333333333333">
					<methods>
						<method name="&lt;init&gt;" signature="(Lcom/p6spy/engine/common/StatementInformation;)V" line-rate="1.0" branch-rate="1.0">
							<lines>
								<line number="35" hits="116" branch="false"/>
								<line number="36" hits="116" branch="false"/>
								<line number="37" hits="116" branch="false"/>
								<line number="39" hits="116" branch="false"/>
								<line number="40" hits="116" branch="false"/>
								<line number="41" hits="116" branch="false"/>
								<line number="42" hits="116" branch="false"/>
							</lines>
						</method>
						<method name="generateLogMessage" signature="()V" line-rate="1.0" branch-rate="1.0">
							<lines>
								<line number="48" hits="98" branch="true" condition-coverage="100% (2/2)">
									<conditions>
										<condition number="0" type="jump" coverage="100%"/>
									</conditions>
								</line>
								<line number="49" hits="69" branch="false"/>
								<line number="50" hits="69" branch="false"/>
								<line number="51" hits="69" branch="false"/>
								<line number="53" hits="98" branch="false"/>
							</lines>
						</method>
						<method name="getConnectionId" signature="()I" line-rate="1.0" branch-rate="1.0">
							<lines>
								<line number="57" hits="73" branch="false"/>
							</lines>
						</method>
						<method name="getCurrRow" signature="()I" line-rate="1.0" branch-rate="1.0">
							<lines>
								<line number="61" hits="183" branch="false"/>
							</lines>
						</method>
						<method name="getSql" signature="()Ljava/lang/String;" line-rate="1.0" branch-rate="1.0">
							<lines>
								<line number="74" hits="65" branch="false"/>
							</lines>
						</method>
						<method name="getSqlWithValues" signature="()Ljava/lang/String;" line-rate="1.0" branch-rate="1.0">
							<lines>
								<line number="79" hits="33" branch="false"/>
								<line number="80" hits="33" branch="true" condition-coverage="100% (2/2)">
									<conditions>
										<condition number="0" type="jump" coverage="100%"/>
									</conditions>
								</line>
								<line number="81" hits="29" branch="true" condition-coverage="100% (2/2)">
									<conditions>
										<condition number="0" type="jump" coverage="100%"/>
									</conditions>
								</line>
								<line number="82" hits="7" branch="false"/>
								<line number="84" hits="29" branch="false"/>
								<line number="85" hits="29" branch="false"/>
								<line number="86" hits="29" branch="false"/>
								<line number="87" hits="29" branch="false"/>
								<line number="89" hits="33" branch="false"/>
							</lines>
						</method>
						<method name="getStatementInformation" signature="()Lcom/p6spy/engine/common/StatementInformation;" line-rate="1.0" branch-rate="1.0">
							<lines>
								<line number="93" hits="121" branch="false"/>
							</lines>
						</method>
						<method name="incrementCurrRow" signature="()V" line-rate="1.0" branch-rate="1.0">
							<lines>
								<line number="65" hits="73" branch="false"/>
								<line number="66" hits="73" branch="false"/>
							</lines>
						</method>
						<method name="setColumnValue" signature="(Ljava/lang/String;Ljava/lang/Object;)V" line-rate="1.0" branch-rate="1.0">
							<lines>
								<line number="69" hits="72" branch="false"/>
								<line number="70" hits="72" branch="false"/>
							</lines>
						</method>
					</methods>
					<lines>
						<line number="35" hits="116" branch="false"/>
						<line number="36" hits="116" branch="false"/>
						<line number="37" hits="116" branch="false"/>
						<line number="39" hits="116" branch="false"/>
						<line number="40" hits="116" branch="false"/>
						<line number="41" hits="116" branch="false"/>
						<line number="42" hits="116" branch="false"/>
						<line number="48" hits="98" branch="true" condition-coverage="100% (2/2)">
							<conditions>
								<condition number="0" type="jump" coverage="100%"/>
							</conditions>
						</line>
						<line number="49" hits="69" branch="false"/>
						<line number="50" hits="69" branch="false"/>
						<line number="51" hits="69" branch="false"/>
						<line number="53" hits="98" branch="false"/>
						<line number="57" hits="73" branch="false"/>
						<line number="61" hits="183" branch="false"/>
						<line number="65" hits="73" branch="false"/>
						<line number="66" hits="73" branch="false"/>
						<line number="69" hits="72" branch="false"/>
						<line number="70" hits="72" branch="false"/>
						<line number="74" hits="65" branch="false"/>
						<line number="79" hits="33" branch="false"/>
						<line number="80" hits="33" branch="true" condition-coverage="100% (2/2)">
							<conditions>
								<condition number="0" type="jump" coverage="100%"/>
							</conditions>
						</line>
						<line number="81" hits="29" branch="true" condition-coverage="100% (2/2)">
							<conditions>
								<condition number="0" type="jump" coverage="100%"/>
							</conditions>
						</line>
						<line number="82" hits="7" branch="false"/>
						<line number="84" hits="29" branch="false"/>
						<line number="85" hits="29" branch="false"/>
						<line number="86" hits="29" branch="false"/>
						<line number="87" hits="29" branch="false"/>
						<line number="89" hits="33" branch="false"/>
						<line number="93" hits="121" branch="false"/>
					</lines>
				</class>
				<class name="com.p6spy.engine.common.StatementInformation" filename="com/p6spy/engine/common/StatementInformation.java" line-rate="0.9166666666666666" branch-rate="1.0" complexity="1.0">
					<methods>
						<method name="&lt;init&gt;" signature="(Lcom/p6spy/engine/common/ConnectionInformation;)V" line-rate="1.0" branch-rate="1.0">
							<lines>
								<line number="33" hits="261" branch="false"/>
								<line number="34" hits="261" branch="false"/>
								<line number="35" hits="261" branch="false"/>
							</lines>
						</method>
						<method name="getConnectionId" signature="()I" line-rate="1.0" branch-rate="1.0">
							<lines>
								<line number="47" hits="399" branch="false"/>
							</lines>
						</method>
						<method name="getSql" signature="()Ljava/lang/String;" line-rate="1.0" branch-rate="1.0">
							<lines>
								<line number="57" hits="322" branch="false"/>
							</lines>
						</method>
						<method name="getSqlWithValues" signature="()Ljava/lang/String;" line-rate="1.0" branch-rate="1.0">
							<lines>
								<line number="52" hits="289" branch="false"/>
							</lines>
						</method>
						<method name="getStatementQuery" signature="()Ljava/lang/String;" line-rate="1.0" branch-rate="1.0">
							<lines>
								<line number="38" hits="142" branch="false"/>
							</lines>
						</method>
						<method name="getTotalTimeElapsed" signature="()J" line-rate="0.0" branch-rate="1.0">
							<lines>
								<line number="61" hits="0" branch="false"/>
							</lines>
						</method>
						<method name="incrementTimeElapsed" signature="(J)V" line-rate="1.0" branch-rate="1.0">
							<lines>
								<line number="65" hits="442" branch="false"/>
								<line number="66" hits="442" branch="false"/>
							</lines>
						</method>
						<method name="setStatementQuery" signature="(Ljava/lang/String;)V" line-rate="1.0" branch-rate="1.0">
							<lines>
								<line number="42" hits="427" branch="false"/>
								<line number="43" hits="427" branch="false"/>
							</lines>
						</method>
					</methods>
					<lines>
						<line number="33" hits="261" branch="false"/>
						<line number="34" hits="261" branch="false"/>
						<line number="35" hits="261" branch="false"/>
						<line number="38" hits="142" branch="false"/>
						<line number="42" hits="427" branch="false"/>
						<line number="43" hits="427" branch="false"/>
						<line number="47" hits="399" branch="false"/>
						<line number="52" hits="289" branch="false"/>
						<line number="57" hits="322" branch="false"/>
						<line number="61" hits="0" branch="false"/>
						<line number="65" hits="442" branch="false"/>
						<line number="66" hits="442" branch="false"/>
					</lines>
				</class>
			</classes>
		</package>
		<package name="com.p6spy.engine.event" line-rate="0.9282700421940928" branch-rate="1.0" complexity="1.32">
			<classes>
				<class name="com.p6spy.engine.event.CompoundJdbcEventListener" filename="com/p6spy/engine/event/CompoundJdbcEventListener.java" line-rate="0.9772727272727273" branch-rate="1.0" complexity="1.911764705882353">
					<methods>
						<method name="&lt;init&gt;" signature="()V" line-rate="1.0" branch-rate="1.0">
							<lines>
								<line number="35" hits="60" branch="false"/>
								<line number="36" hits="60" branch="false"/>
								<line number="37" hits="60" branch="false"/>
							</lines>
						</method>
						<method name="&lt;init&gt;" signature="(Ljava/util/List;)V" line-rate="0.0" branch-rate="1.0">
							<lines>
								<line number="39" hits="0" branch="false"/>
								<line number="40" hits="0" branch="false"/>
								<line number="41" hits="0" branch="false"/>
							</lines>
						</method>
						<method name="addListender" signature="(Lcom/p6spy/engine/event/JdbcEventListener;)V" line-rate="1.0" branch-rate="1.0">
							<lines>
								<line number="44" hits="122" branch="false"/>
								<line number="45" hits="122" branch="false"/>
							</lines>
						</method>
						<method name="onAfterAddBatch" signature="(Lcom/p6spy/engine/common/PreparedStatementInformation;JLjava/sql/SQLException;)V" line-rate="1.0" branch-rate="1.0">
							<lines>
								<line number="56" hits="3" branch="true" condition-coverage="100% (2/2)">
									<conditions>
										<condition number="0" type="jump" coverage="100%"/>
									</conditions>
								</line>
								<line number="57" hits="6" branch="false"/>
								<line number="58" hits="6" branch="false"/>
								<line number="59" hits="3" branch="false"/>
							</lines>
						</method>
						<method name="onAfterAddBatch" signature="(Lcom/p6spy/engine/common/StatementInformation;JLjava/lang/String;Ljava/sql/SQLException;)V" line-rate="1.0" branch-rate="1.0">
							<lines>
								<line number="70" hits="2" branch="true" condition-coverage="100% (2/2)">
									<conditions>
										<condition number="0" type="jump" coverage="100%"/>
									</conditions>
								</line>
								<line number="71" hits="4" branch="false"/>
								<line number="72" hits="4" branch="false"/>
								<line number="73" hits="2" branch="false"/>
							</lines>
						</method>
						<method name="onAfterCallableStatementSet" signature="(Lcom/p6spy/engine/common/CallableStatementInformation;Ljava/lang/String;Ljava/lang/Object;Ljava/sql/SQLException;)V" line-rate="1.0" branch-rate="1.0">
							<lines>
								<line number="182" hits="2" branch="true" condition-coverage="100% (2/2)">
									<conditions>
										<condition number="0" type="jump" coverage="100%"/>
									</conditions>
								</line>
								<line number="183" hits="4" branch="false"/>
								<line number="184" hits="4" branch="false"/>
								<line number="185" hits="2" branch="false"/>
							</lines>
						</method>
						<method name="onAfterCommit" signature="(Lcom/p6spy/engine/common/ConnectionInformation;JLjava/sql/SQLException;)V" line-rate="1.0" branch-rate="1.0">
							<lines>
								<line number="238" hits="142" branch="true" condition-coverage="100% (2/2)">
									<conditions>
										<condition number="0" type="jump" coverage="100%"/>
									</conditions>
								</line>
								<line number="239" hits="284" branch="false"/>
								<line number="240" hits="284" branch="false"/>
								<line number="241" hits="142" branch="false"/>
							</lines>
						</method>
						<method name="onAfterConnectionClose" signature="(Lcom/p6spy/engine/common/ConnectionInformation;Ljava/sql/SQLException;)V" line-rate="1.0" branch-rate="1.0">
							<lines>
								<line number="245" hits="56" branch="true" condition-coverage="100% (2/2)">
									<conditions>
										<condition number="0" type="jump" coverage="100%"/>
									</conditions>
								</line>
								<line number="246" hits="114" branch="false"/>
								<line number="247" hits="114" branch="false"/>
								<line number="248" hits="56" branch="false"/>
							</lines>
						</method>
						<method name="onAfterExecute" signature="(Lcom/p6spy/engine/common/PreparedStatementInformation;JLjava/sql/SQLException;)V" line-rate="1.0" branch-rate="1.0">
							<lines>
								<line number="84" hits="4" branch="true" condition-coverage="100% (2/2)">
[...]
							<lines>
								<line number="123" hits="0" branch="false"/>
								<line number="124" hits="0" branch="false"/>
								<line number="126" hits="0" branch="false"/>
								<line number="127" hits="0" branch="false"/>
								<line number="128" hits="0" branch="false"/>
								<line number="129" hits="0" branch="false"/>
								<line number="130" hits="0" branch="false"/>
								<line number="132" hits="0" branch="false"/>
							</lines>
						</method>
						<method name="execute" signature="(Ljava/lang/String;[I)Z" line-rate="0.0" branch-rate="1.0">
							<lines>
								<line number="138" hits="0" branch="false"/>
								<line number="139" hits="0" branch="false"/>
								<line number="141" hits="0" branch="false"/>
								<line number="142" hits="0" branch="false"/>
								<line number="143" hits="0" branch="false"/>
								<line number="144" hits="0" branch="false"/>
								<line number="145" hits="0" branch="false"/>
								<line number="147" hits="0" branch="false"/>
							</lines>
						</method>
						<method name="execute" signature="(Ljava/lang/String;[Ljava/lang/String;)Z" line-rate="0.0" branch-rate="1.0">
							<lines>
								<line number="153" hits="0" branch="false"/>
								<line number="154" hits="0" branch="false"/>
								<line number="156" hits="0" branch="false"/>
								<line number="157" hits="0" branch="false"/>
								<line number="158" hits="0" branch="false"/>
								<line number="159" hits="0" branch="false"/>
								<line number="160" hits="0" branch="false"/>
								<line number="162" hits="0" branch="false"/>
							</lines>
						</method>
						<method name="executeBatch" signature="()[I" line-rate="0.625" branch-rate="1.0">
							<lines>
								<line number="93" hits="4" branch="false"/>
								<line number="94" hits="4" branch="false"/>
								<line number="96" hits="4" branch="false"/>
								<line number="97" hits="4" branch="false"/>
								<line number="98" hits="0" branch="false"/>
								<line number="99" hits="0" branch="false"/>
								<line number="100" hits="0" branch="false"/>
								<line number="102" hits="4" branch="false"/>
							</lines>
						</method>
						<method name="executeQuery" signature="(Ljava/lang/String;)Ljava/sql/ResultSet;" line-rate="0.6666666666666666" branch-rate="1.0">
							<lines>
								<line number="77" hits="107" branch="false"/>
								<line number="78" hits="107" branch="false"/>
								<line number="79" hits="107" branch="false"/>
								<line number="81" hits="107" branch="false"/>
								<line number="82" hits="107" branch="false"/>
								<line number="83" hits="0" branch="false"/>
								<line number="84" hits="0" branch="false"/>
								<line number="85" hits="0" branch="false"/>
								<line number="87" hits="107" branch="false"/>
							</lines>
						</method>
						<method name="executeUpdate" signature="(Ljava/lang/String;)I" line-rate="0.625" branch-rate="1.0">
							<lines>
								<line number="168" hits="14" branch="false"/>
								<line number="169" hits="14" branch="false"/>
								<line number="171" hits="14" branch="false"/>
								<line number="172" hits="14" branch="false"/>
								<line number="173" hits="0" branch="false"/>
								<line number="174" hits="0" branch="false"/>
								<line number="175" hits="0" branch="false"/>
								<line number="177" hits="14" branch="false"/>
							</lines>
						</method>
						<method name="executeUpdate" signature="(Ljava/lang/String;I)I" line-rate="0.0" branch-rate="1.0">
							<lines>
								<line number="183" hits="0" branch="false"/>
								<line number="184" hits="0" branch="false"/>
								<line number="186" hits="0" branch="false"/>
								<line number="187" hits="0" branch="false"/>
								<line number="188" hits="0" branch="false"/>
								<line number="189" hits="0" branch="false"/>
								<line number="190" hits="0" branch="false"/>
								<line number="192" hits="0" branch="false"/>
							</lines>
						</method>
						<method name="executeUpdate" signature="(Ljava/lang/String;[I)I" line-rate="0.0" branch-rate="1.0">
							<lines>
								<line number="198" hits="0" branch="false"/>
								<line number="199" hits="0" branch="false"/>
								<line number="201" hits="0" branch="false"/>
								<line number="202" hits="0" branch="false"/>
								<line number="203" hits="0" branch="false"/>
								<line number="204" hits="0" branch="false"/>
								<line number="205" hits="0" branch="false"/>
								<line number="207" hits="0" branch="false"/>
							</lines>
						</method>
						<method name="executeUpdate" signature="(Ljava/lang/String;[Ljava/lang/String;)I" line-rate="0.0" branch-rate="1.0">
							<lines>
								<line number="213" hits="0" branch="false"/>
								<line number="214" hits="0" branch="false"/>
								<line number="216" hits="0" branch="false"/>
								<line number="217" hits="0" branch="false"/>
								<line number="218" hits="0" branch="false"/>
								<line number="219" hits="0" branch="false"/>
								<line number="220" hits="0" branch="false"/>
								<line number="222" hits="0" branch="false"/>
							</lines>
						</method>
						<method name="getConnection" signature="()Ljava/sql/Connection;" line-rate="0.0" branch-rate="1.0">
							<lines>
								<line number="348" hits="0" branch="false"/>
							</lines>
						</method>
						<method name="getFetchDirection" signature="()I" line-rate="0.0" branch-rate="1.0">
							<lines>
								<line number="318" hits="0" branch="false"/>
							</lines>
						</method>
						<method name="getFetchSize" signature="()I" line-rate="0.0" branch-rate="1.0">
							<lines>
								<line number="328" hits="0" branch="false"/>
							</lines>
						</method>
						<method name="getGeneratedKeys" signature="()Ljava/sql/ResultSet;" line-rate="0.0" branch-rate="1.0">
							<lines>
								<line number="358" hits="0" branch="false"/>
							</lines>
						</method>
						<method name="getMaxFieldSize" signature="()I" line-rate="0.0" branch-rate="1.0">
							<lines>
								<line number="248" hits="0" branch="false"/>
							</lines>
						</method>
						<method name="getMaxRows" signature="()I" line-rate="1.0" branch-rate="1.0">
							<lines>
								<line number="258" hits="2" branch="false"/>
							</lines>
						</method>
						<method name="getMoreResults" signature="()Z" line-rate="1.0" branch-rate="1.0">
							<lines>
								<line number="308" hits="1" branch="false"/>
							</lines>
						</method>
						<method name="getMoreResults" signature="(I)Z" line-rate="0.0" branch-rate="1.0">
							<lines>
								<line number="353" hits="0" branch="false"/>
							</lines>
						</method>
						<method name="getQueryTimeout" signature="()I" line-rate="1.0" branch-rate="1.0">
							<lines>
								<line number="273" hits="1" branch="false"/>
							</lines>
						</method>
						<method name="getResultSet" signature="()Ljava/sql/ResultSet;" line-rate="0.5714285714285714" branch-rate="1.0">
							<lines>
								<line number="63" hits="2" branch="false"/>
								<line number="64" hits="2" branch="false"/>
								<line number="66" hits="2" branch="false"/>
								<line number="67" hits="0" branch="false"/>
								<line number="68" hits="0" branch="false"/>
								<line number="69" hits="0" branch="false"/>
								<line number="71" hits="2" branch="false"/>
							</lines>
						</method>
						<method name="getResultSetConcurrency" signature="()I" line-rate="0.0" branch-rate="1.0">
							<lines>
								<line number="333" hits="0" branch="false"/>
							</lines>
						</method>
						<method name="getResultSetHoldability" signature="()I" line-rate="0.0" branch-rate="1.0">
							<lines>
								<line number="363" hits="0" branch="false"/>
							</lines>
						</method>
						<method name="getResultSetType" signature="()I" line-rate="0.0" branch-rate="1.0">
							<lines>
								<line number="338" hits="0" branch="false"/>
							</lines>
						</method>
						<method name="getUpdateCount" signature="()I" line-rate="0.0" branch-rate="1.0">
							<lines>
								<line number="303" hits="0" branch="false"/>
							</lines>
						</method>
						<method name="getWarnings" signature="()Ljava/sql/SQLWarning;" line-rate="0.0" branch-rate="1.0">
							<lines>
								<line number="288" hits="0" branch="false"/>
							</lines>
						</method>
						<method name="isCloseOnCompletion" signature="()Z" line-rate="0.0" branch-rate="1.0">
							<lines>
								<line number="388" hits="0" branch="false"/>
							</lines>
						</method>
						<method name="isClosed" signature="()Z" line-rate="0.0" branch-rate="1.0">
							<lines>
								<line number="368" hits="0" branch="false"/>
							</lines>
						</method>
						<method name="isPoolable" signature="()Z" line-rate="0.0" branch-rate="1.0">
							<lines>
								<line number="378" hits="0" branch="false"/>
							</lines>
						</method>
						<method name="setCursorName" signature="(Ljava/lang/String;)V" line-rate="0.0" branch-rate="1.0">
							<lines>
								<line number="298" hits="0" branch="false"/>
								<line number="299" hits="0" branch="false"/>
							</lines>
						</method>
						<method name="setEscapeProcessing" signature="(Z)V" line-rate="0.0" branch-rate="1.0">
							<lines>
								<line number="268" hits="0" branch="false"/>
								<line number="269" hits="0" branch="false"/>
							</lines>
						</method>
						<method name="setFetchDirection" signature="(I)V" line-rate="0.0" branch-rate="1.0">
							<lines>
								<line number="313" hits="0" branch="false"/>
								<line number="314" hits="0" branch="false"/>
							</lines>
						</method>
						<method name="setFetchSize" signature="(I)V" line-rate="0.0" branch-rate="1.0">
							<lines>
								<line number="323" hits="0" branch="false"/>
								<line number="324" hits="0" branch="false"/>
							</lines>
						</method>
						<method name="setMaxFieldSize" signature="(I)V" line-rate="0.0" branch-rate="1.0">
							<lines>
								<line number="253" hits="0" branch="false"/>
								<line number="254" hits="0" branch="false"/>
							</lines>
						</method>
						<method name="setMaxRows" signature="(I)V" line-rate="1.0" branch-rate="1.0">
							<lines>
								<line number="263" hits="2" branch="false"/>
								<line number="264" hits="2" branch="false"/>
							</lines>
						</method>
						<method name="setPoolable" signature="(Z)V" line-rate="0.0" branch-rate="1.0">
							<lines>
								<line number="373" hits="0" branch="false"/>
								<line number="374" hits="0" branch="false"/>
							</lines>
						</method>
						<method name="setQueryTimeout" signature="(I)V" line-rate="1.0" branch-rate="1.0">
							<lines>
								<line number="278" hits="1" branch="false"/>
								<line number="279" hits="1" branch="false"/>
							</lines>
						</method>
						<method name="wrap" signature="(Ljava/sql/Statement;Lcom/p6spy/engine/common/StatementInformation;Lcom/p6spy/engine/event/JdbcEventListener;)Ljava/sql/Statement;" line-rate="0.6666666666666666" branch-rate="0.5">
							<lines>
								<line number="48" hits="240" branch="true" condition-coverage="50% (1/2)">
									<conditions>
										<condition number="0" type="jump" coverage="50%"/>
									</conditions>
								</line>
								<line number="49" hits="0" branch="false"/>
								<line number="51" hits="240" branch="false"/>
							</lines>
						</method>
					</methods>
					<lines>
						<line number="48" hits="240" branch="true" condition-coverage="50% (1/2)">
							<conditions>
								<condition number="0" type="jump" coverage="50%"/>
							</conditions>
						</line>
						<line number="49" hits="0" branch="false"/>
						<line number="51" hits="240" branch="false"/>
						<line number="55" hits="261" branch="false"/>
						<line number="56" hits="261" branch="false"/>
						<line number="57" hits="261" branch="false"/>
						<line number="58" hits="261" branch="false"/>
						<line number="59" hits="261" branch="false"/>
						<line number="63" hits="2" branch="false"/>
						<line number="64" hits="2" branch="false"/>
						<line number="66" hits="2" branch="false"/>
						<line number="67" hits="0" branch="false"/>
						<line number="68" hits="0" branch="false"/>
						<line number="69" hits="0" branch="false"/>
						<line number="71" hits="2" branch="false"/>
						<line number="77" hits="107" branch="false"/>
						<line number="78" hits="107" branch="false"/>
						<line number="79" hits="107" branch="false"/>
						<line number="81" hits="107" branch="false"/>
						<line number="82" hits="107" branch="false"/>
						<line number="83" hits="0" branch="false"/>
						<line number="84" hits="0" branch="false"/>
						<line number="85" hits="0" branch="false"/>
						<line number="87" hits="107" branch="false"/>
						<line number="93" hits="4" branch="false"/>
						<line number="94" hits="4" branch="false"/>
						<line number="96" hits="4" branch="false"/>
						<line number="97" hits="4" branch="false"/>
						<line number="98" hits="0" branch="false"/>
						<line number="99" hits="0" branch="false"/>
						<line number="100" hits="0" branch="false"/>
						<line number="102" hits="4" branch="false"/>
						<line number="108" hits="176" branch="false"/>
						<line number="109" hits="176" branch="false"/>
						<line number="111" hits="176" branch="false"/>
						<line number="112" hits="176" branch="false"/>
						<line number="113" hits="21" branch="false"/>
						<line number="114" hits="21" branch="false"/>
						<line number="115" hits="21" branch="false"/>
						<line number="117" hits="176" branch="false"/>
						<line number="123" hits="0" branch="false"/>
						<line number="124" hits="0" branch="false"/>
						<line number="126" hits="0" branch="false"/>
						<line number="127" hits="0" branch="false"/>
						<line number="128" hits="0" branch="false"/>
						<line number="129" hits="0" branch="false"/>
						<line number="130" hits="0" branch="false"/>
						<line number="132" hits="0" branch="false"/>
						<line number="138" hits="0" branch="false"/>
						<line number="139" hits="0" branch="false"/>
						<line number="141" hits="0" branch="false"/>
						<line number="142" hits="0" branch="false"/>
						<line number="143" hits="0" branch="false"/>
						<line number="144" hits="0" branch="false"/>
						<line number="145" hits="0" branch="false"/>
						<line number="147" hits="0" branch="false"/>
						<line number="153" hits="0" branch="false"/>
						<line number="154" hits="0" branch="false"/>
						<line number="156" hits="0" branch="false"/>
						<line number="157" hits="0" branch="false"/>
						<line number="158" hits="0" branch="false"/>
						<line number="159" hits="0" branch="false"/>
						<line number="160" hits="0" branch="false"/>
						<line number="162" hits="0" branch="false"/>
						<line number="168" hits="14" branch="false"/>
						<line number="169" hits="14" branch="false"/>
						<line number="171" hits="14" branch="false"/>
						<line number="172" hits="14" branch="false"/>
						<line number="173" hits="0" branch="false"/>
						<line number="174" hits="0" branch="false"/>
						<line number="175" hits="0" branch="false"/>
						<line number="177" hits="14" branch="false"/>
						<line number="183" hits="0" branch="false"/>
						<line number="184" hits="0" branch="false"/>
						<line number="186" hits="0" branch="false"/>
						<line number="187" hits="0" branch="false"/>
						<line number="188" hits="0" branch="false"/>
						<line number="189" hits="0" branch="false"/>
						<line number="190" hits="0" branch="false"/>
						<line number="192" hits="0" branch="false"/>
						<line number="198" hits="0" branch="false"/>
						<line number="199" hits="0" branch="false"/>
						<line number="201" hits="0" branch="false"/>
						<line number="202" hits="0" branch="false"/>
						<line number="203" hits="0" branch="false"/>
						<line number="204" hits="0" branch="false"/>
						<line number="205" hits="0" branch="false"/>
						<line number="207" hits="0" branch="false"/>
						<line number="213" hits="0" branch="false"/>
						<line number="214" hits="0" branch="false"/>
						<line number="216" hits="0" branch="false"/>
						<line number="217" hits="0" branch="false"/>
						<line number="218" hits="0" branch="false"/>
						<line number="219" hits="0" branch="false"/>
						<line number="220" hits="0" branch="false"/>
						<line number="222" hits="0" branch="false"/>
						<line number="228" hits="2" branch="false"/>
						<line number="229" hits="2" branch="false"/>
						<line number="231" hits="2" branch="false"/>
						<line number="232" hits="2" branch="false"/>
						<line number="233" hits="0" branch="false"/>
						<line number="234" hits="0" branch="false"/>
						<line number="235" hits="0" branch="false"/>
						<line number="237" hits="2" branch="false"/>
						<line number="238" hits="2" branch="false"/>
						<line number="239" hits="2" branch="false"/>
						<line number="243" hits="236" branch="false"/>
						<line number="244" hits="236" branch="false"/>
						<line number="248" hits="0" branch="false"/>
						<line number="253" hits="0" branch="false"/>
						<line number="254" hits="0" branch="false"/>
						<line number="258" hits="2" branch="false"/>
						<line number="263" hits="2" branch="false"/>
						<line number="264" hits="2" branch="false"/>
						<line number="268" hits="0" branch="false"/>
						<line number="269" hits="0" branch="false"/>
						<line number="273" hits="1" branch="false"/>
						<line number="278" hits="1" branch="false"/>
						<line number="279" hits="1" branch="false"/>
						<line number="283" hits="0" branch="false"/>
						<line number="284" hits="0" branch="false"/>
						<line number="288" hits="0" branch="false"/>
						<line number="293" hits="0" branch="false"/>
						<line number="294" hits="0" branch="false"/>
						<line number="298" hits="0" branch="false"/>
						<line number="299" hits="0" branch="false"/>
						<line number="303" hits="0" branch="false"/>
						<line number="308" hits="1" branch="false"/>
						<line number="313" hits="0" branch="false"/>
						<line number="314" hits="0" branch="false"/>
						<line number="318" hits="0" branch="false"/>
						<line number="323" hits="0" branch="false"/>
						<line number="324" hits="0" branch="false"/>
						<line number="328" hits="0" branch="false"/>
						<line number="333" hits="0" branch="false"/>
						<line number="338" hits="0" branch="false"/>
						<line number="343" hits="0" branch="false"/>
						<line number="344" hits="0" branch="false"/>
						<line number="348" hits="0" branch="false"/>
						<line number="353" hits="0" branch="false"/>
						<line number="358" hits="0" branch="false"/>
						<line number="363" hits="0" branch="false"/>
						<line number="368" hits="0" branch="false"/>
						<line number="373" hits="0" branch="false"/>
						<line number="374" hits="0" branch="false"/>
						<line number="378" hits="0" branch="false"/>
						<line number="383" hits="0" branch="false"/>
						<line number="384" hits="0" branch="false"/>
						<line number="388" hits="0" branch="false"/>
					</lines>
				</class>
			</classes>
		</package>
		<package name="org.objectweb.util.monolog.wrapper.p6spy" line-rate="0.0" branch-rate="1.0" complexity="0.0">
			<classes>
				<class name="org.objectweb.util.monolog.wrapper.p6spy.P6SpyLogger" filename="org/objectweb/util/monolog/wrapper/p6spy/P6SpyLogger.java" line-rate="0.0" branch-rate="1.0" complexity="0.0">
					<methods>
						<method name="&lt;init&gt;" signature="()V" line-rate="0.0" branch-rate="1.0">
							<lines>
								<line number="105" hits="0" branch="false"/>
							</lines>
						</method>
					</methods>
					<lines>
						<line number="105" hits="0" branch="false"/>
					</lines>
				</class>
			</classes>
		</package>
	</packages>
</coverage>
